Loaded 17 utopias from /Users/slacki/agents/automator/services/UtopiaBench/utopia-maxxing/initial_population
Model: moonshotai/kimi-k2-0905, Generations: 20, Concurrency: 5
Custom selection prompt: prompts/meaning-selection.txt
Custom crossover prompt: prompts/meaning-crossover.txt
Output: prompt_meaning_runs/kimi

Gen 0: 17 utopias (initial)
  [1/18] selection (16 vs 8 → 8)
  [2/18] selection (10 vs 15 → 15)
  [3/18] selection (9 vs 3 → 3)
  [4/18] selection (2 vs 12 → 12)
  [5/18] selection (1 vs 13 → 1)
  [6/18] selection (7 vs 5 → 5)
  [7/18] selection (11 vs 4 → 11)
  [8/18] selection (14 vs 12 → 14)
  [9/18] selection (6 vs 0 → 0)
  [10/18] crossover (14 × 5)
  [11/18] crossover (1 × 0)
  [12/18] crossover (10 × 12)
  [13/18] crossover (4 × 16)
  [14/18] crossover (15 × 11)
  [15/18] crossover (2 × 9)
  [16/18] crossover (7 × 3)
  [17/18] crossover (6 × 13)
  [18/18] crossover (8 × 12)
Gen 1: 17 utopias (406.8s)
  [1/18] selection (7 vs 8 → 7)
  [2/18] selection (1 vs 10 → 10)
  [3/18] selection (5 vs 0 → 5)
  [4/18] selection (6 vs 14 → 14)
  [5/18] selection (3 vs 15 → 15)
  [6/18] selection (2 vs 15 → 15)
  [7/18] selection (13 vs 11 → 11)
  [8/18] selection (12 vs 4 → 4)
  [9/18] selection (9 vs 16 → 9)
  [10/18] crossover (2 × 1)
  [11/18] crossover (4 × 12)
  [12/18] crossover (10 × 8)
  [13/18] crossover (14 × 13)
  [14/18] crossover (0 × 3)
  [15/18] crossover (6 × 11)
  [16/18] crossover (15 × 16)
  [17/18] crossover (9 × 13)
  [18/18] crossover (5 × 7)
Gen 2: 17 utopias (400.7s)
  [1/18] selection (15 vs 9 → 15)
  [2/18] selection (2 vs 0 → 2)
  [3/18] selection (8 vs 12 → 12)
  [4/18] selection (10 vs 1 → 1)
  [5/18] selection (11 vs 16 → 16)
  [6/18] selection (4 vs 7 → 4)
  [7/18] selection (13 vs 5 → 13)
  [8/18] selection (6 vs 14 → 14)
  [9/18] selection (3 vs 6 → 6)
  [10/18] crossover (16 × 1)
  [11/18] crossover (14 × 15)
  [12/18] crossover (11 × 8)
  [13/18] crossover (2 × 12)
  [14/18] crossover (10 × 5)
  [15/18] crossover (0 × 9)
  [16/18] crossover (4 × 3)
  [17/18] crossover (6 × 13)
  [18/18] crossover (7 × 15)
Gen 3: 17 utopias (350.4s)
  [1/18] selection (4 vs 15 → 4)
  [2/18] selection (8 vs 0 → 0)
  [3/18] selection (14 vs 1 → 14)
  [4/18] selection (5 vs 3 → 5)
  [5/18] selection (12 vs 6 → 12)
  [6/18] selection (2 vs 13 → 13)
  [7/18] selection (9 vs 13 → 13)
  [8/18] selection (11 vs 10 → 11)
  [9/18] selection (7 vs 16 → 7)
  [10/18] crossover (12 × 14)
  [11/18] crossover (15 × 1)
  [12/18] crossover (4 × 9)
  [13/18] crossover (6 × 16)
  [14/18] crossover (3 × 7)
  [15/18] crossover (2 × 8)
  [16/18] crossover (5 × 7)
  [17/18] crossover (11 × 0)
  [18/18] crossover (13 × 10)
Gen 4: 17 utopias (302.2s)
  [1/18] selection (4 vs 0 → 4)
  [2/18] selection (11 vs 2 → 11)
  [3/18] selection (7 vs 9 → 7)
  [4/18] selection (12 vs 5 → 12)
  [5/18] selection (3 vs 15 → 15)
  [6/18] selection (16 vs 1 → 16)
  [7/18] selection (14 vs 13 → 13)
  [8/18] selection (6 vs 2 → 6)
  [9/18] selection (8 vs 10 → 10)
  [10/18] crossover (6 × 13)
  [11/18] crossover (12 × 10)
  [12/18] crossover (11 × 0)
  [13/18] crossover (3 × 14)
  [14/18] crossover (9 × 5)
  [15/18] crossover (1 × 8)
  [16/18] crossover (16 × 15)
  [17/18] crossover (2 × 4)
  [18/18] crossover (4 × 7)
Gen 5: 17 utopias (388.6s)
  [1/18] selection (15 vs 0 → 15)
  [2/18] selection (16 vs 6 → 16)
  [3/18] selection (9 vs 5 → 9)
  [4/18] selection (11 vs 3 → 11)
  [5/18] selection (12 vs 14 → 14)
  [6/18] selection (10 vs 13 → 10)
  [7/18] selection (7 vs 1 → 7)
  [8/18] selection (2 vs 8 → 8)
  [9/18] selection (4 vs 7 → 7)
  [10/18] crossover (8 × 5)
  [11/18] crossover (4 × 13)
  [12/18] crossover (9 × 7)
  [13/18] crossover (15 × 14)
  [14/18] crossover (2 × 0)
  [15/18] crossover (10 × 1)
  [16/18] crossover (3 × 6)
  [17/18] crossover (16 × 5)
  [18/18] crossover (12 × 11)
Gen 6: 17 utopias (241.5s)
  [1/18] selection (4 vs 14 → 4)
  [2/18] selection (10 vs 11 → 10)
  [3/18] selection (2 vs 12 → 2)
  [4/18] selection (6 vs 8 → 8)
  [5/18] selection (1 vs 7 → 1)
  [6/18] selection (16 vs 10 → 16)
  [7/18] selection (3 vs 15 → 15)
  [8/18] selection (9 vs 0 → 0)
  [9/18] selection (13 vs 5 → 13)
  [10/18] crossover (5 × 16)
  [11/18] crossover (15 × 6)
  [12/18] crossover (11 × 2)
  [13/18] crossover (3 × 1)
  [14/18] crossover (13 × 9)
  [15/18] crossover (7 × 14)
  [16/18] crossover (12 × 10)
  [17/18] crossover (8 × 0)
  [18/18] crossover (4 × 11)
Gen 7: 17 utopias (305.4s)
  [1/18] selection (12 vs 4 → 12)
  [2/18] selection (15 vs 13 → 13)
  [3/18] selection (1 vs 10 → 1)
  [4/18] selection (8 vs 16 → 16)
  [5/18] selection (5 vs 4 → 5)
  [6/18] selection (3 vs 7 → 3)
  [7/18] selection (9 vs 0 → 9)
  [8/18] selection (2 vs 11 → 2)
  [9/18] selection (14 vs 6 → 6)
  [10/18] crossover (8 × 9)
  [11/18] crossover (6 × 2)
  [12/18] crossover (13 × 12)
  [13/18] crossover (0 × 4)
  [14/18] crossover (14 × 1)
  [15/18] crossover (5 × 15)
  [16/18] crossover (11 × 16)
  [17/18] crossover (3 × 7)
  [18/18] crossover (10 × 7)
Gen 8: 17 utopias (301.0s)
  [1/18] selection (13 vs 5 → 5)
  [2/18] selection (2 vs 8 → 8)
  [3/18] selection (9 vs 15 → 15)
  [4/18] selection (11 vs 0 → 0)
  [5/18] selection (3 vs 12 → 3)
  [6/18] selection (10 vs 4 → 4)
  [7/18] selection (6 vs 1 → 6)
  [8/18] selection (7 vs 11 → 11)
  [9/18] selection (14 vs 16 → 16)
  [10/18] crossover (3 × 10)
  [11/18] crossover (7 × 13)
  [12/18] crossover (9 × 2)
  [13/18] crossover (12 × 16)
  [14/18] crossover (15 × 0)
  [15/18] crossover (14 × 4)
  [16/18] crossover (5 × 11)
  [17/18] crossover (6 × 0)
  [18/18] crossover (1 × 8)
Gen 9: 17 utopias (327.0s)
  [1/18] selection (8 vs 16 → 8)
  [2/18] selection (7 vs 0 → 7)
  [3/18] selection (9 vs 15 → 9)
  [4/18] selection (10 vs 13 → 13)
  [5/18] selection (14 vs 1 → 14)
  [6/18] selection (12 vs 15 → 12)
  [7/18] selection (11 vs 6 → 6)
  [8/18] selection (4 vs 2 → 4)
  [9/18] selection (5 vs 3 → 5)
  [10/18] crossover (0 × 9)
  [11/18] crossover (15 × 1)
  [12/18] crossover (7 × 3)
  [13/18] crossover (6 × 4)
  [14/18] crossover (8 × 15)
  [15/18] crossover (5 × 14)
  [16/18] crossover (10 × 12)
  [17/18] crossover (11 × 2)
  [18/18] crossover (13 × 16)
Gen 10: 17 utopias (224.3s)
  [1/18] selection (7 vs 9 → 9)
  [2/18] selection (1 vs 15 → 15)
  [3/18] selection (3 vs 6 → 6)
  [4/18] selection (8 vs 4 → 8)
  [5/18] selection (13 vs 0 → 13)
  [6/18] selection (12 vs 5 → 12)
  [7/18] selection (14 vs 10 → 14)
  [8/18] selection (16 vs 11 → 16)
  [9/18] selection (2 vs 1 → 1)
  [10/18] crossover (16 × 5)
  [11/18] crossover (11 × 15)
  [12/18] crossover (0 × 2)
  [13/18] crossover (6 × 10)
  [14/18] crossover (14 × 9)
  [15/18] crossover (1 × 8)
  [16/18] crossover (4 × 12)
  [17/18] crossover (13 × 2)
  [18/18] crossover (7 × 3)
Gen 11: 17 utopias (262.1s)
  [1/18] selection (3 vs 16 → 3)
  [2/18] selection (9 vs 12 → 12)
  [3/18] selection (14 vs 2 → 2)
  [4/18] selection (11 vs 0 → 11)
  [5/18] selection (5 vs 15 → 5)
  [6/18] selection (13 vs 6 → 6)
  [7/18] selection (1 vs 7 → 1)
  [8/18] selection (10 vs 8 → 10)
  [9/18] selection (4 vs 8 → 4)
  [10/18] crossover (8 × 3)
  [11/18] crossover (9 × 5)
  [12/18] crossover (4 × 1)
  [13/18] crossover (6 × 13)
  [14/18] crossover (15 × 7)
  [15/18] crossover (0 × 12)
  [16/18] crossover (14 × 11)
  [17/18] crossover (16 × 2)
  [18/18] crossover (10 × 13)
Gen 12: 17 utopias (314.4s)
  [1/18] selection (13 vs 2 → 13)
  [2/18] selection (10 vs 7 → 10)
  [3/18] selection (4 vs 12 → 4)
  [4/18] selection (5 vs 3 → 3)
  [5/18] selection (8 vs 6 → 6)
  [6/18] selection (0 vs 16 → 16)
  [7/18] selection (9 vs 14 → 14)
  [8/18] selection (11 vs 15 → 11)
  [9/18] selection (1 vs 12 → 1)
  [10/18] crossover (0 × 11)
  [11/18] crossover (4 × 1)
  [12/18] crossover (14 × 15)
  [13/18] crossover (5 × 8)
  [14/18] crossover (7 × 6)
  [15/18] crossover (12 × 10)
  [16/18] crossover (13 × 3)
  [17/18] crossover (2 × 9)
  [18/18] crossover (16 × 3)
Gen 13: 17 utopias (365.6s)
  [1/18] selection (15 vs 9 → 9)
  [2/18] selection (3 vs 5 → 5)
  [3/18] selection (4 vs 11 → 4)
  [4/18] selection (1 vs 13 → 1)
  [5/18] selection (12 vs 16 → 16)
  [6/18] selection (10 vs 2 → 10)
  [7/18] selection (7 vs 8 → 8)
  [8/18] selection (6 vs 0 → 6)
  [9/18] selection (14 vs 4 → 14)
  [10/18] crossover (6 × 16)
  [11/18] crossover (4 × 7)
  [12/18] crossover (12 × 10)
  [13/18] crossover (11 × 5)
  [14/18] crossover (15 × 9)
  [15/18] crossover (13 × 0)
  [16/18] crossover (2 × 11)
  [17/18] crossover (3 × 14)
  [18/18] crossover (8 × 1)
Gen 14: 17 utopias (357.4s)
  [1/18] selection (15 vs 14 → 15)
  [2/18] selection (13 vs 6 → 6)
  [3/18] selection (3 vs 2 → 2)
  [4/18] selection (8 vs 9 → 8)
  [5/18] selection (1 vs 10 → 10)
  [6/18] selection (5 vs 7 → 5)
  [7/18] selection (16 vs 0 → 0)
  [8/18] selection (4 vs 12 → 4)
  [9/18] selection (11 vs 5 → 5)
  [10/18] crossover (11 × 10)
  [11/18] crossover (8 × 5)
  [12/18] crossover (13 × 1)
  [13/18] crossover (7 × 12)
  [14/18] crossover (3 × 14)
  [15/18] crossover (15 × 9)
  [16/18] crossover (6 × 2)
  [17/18] crossover (0 × 4)
  [18/18] crossover (2 × 16)
Gen 15: 17 utopias (302.9s)
  [1/18] selection (15 vs 3 → 15)
  [2/18] selection (2 vs 0 → 2)
  [3/18] selection (13 vs 1 → 13)
  [4/18] selection (6 vs 8 → 8)
  [5/18] selection (16 vs 9 → 9)
  [6/18] selection (12 vs 5 → 12)
  [7/18] selection (10 vs 11 → 10)
  [8/18] selection (14 vs 4 → 14)
  [9/18] selection (7 vs 0 → 7)
  [10/18] crossover (1 × 10)
  [11/18] crossover (5 × 13)
  [12/18] crossover (16 × 14)
  [13/18] crossover (11 × 3)
  [14/18] crossover (7 × 15)
  [15/18] crossover (6 × 2)
  [16/18] crossover (0 × 12)
  [17/18] crossover (8 × 4)
  [18/18] crossover (9 × 6)
Gen 16: 17 utopias (362.0s)
  [1/18] selection (9 vs 3 → 3)
  [2/18] selection (10 vs 6 → 6)
  [3/18] selection (8 vs 5 → 8)
  [4/18] selection (13 vs 7 → 7)
  [5/18] selection (11 vs 15 → 11)
  [6/18] selection (14 vs 4 → 4)
  [7/18] selection (1 vs 15 → 1)
  [8/18] selection (2 vs 0 → 2)
  [9/18] selection (16 vs 12 → 16)
  [10/18] crossover (4 × 13)
  [11/18] crossover (3 × 7)
  [12/18] crossover (11 × 6)
  [13/18] crossover (10 × 12)
  [14/18] crossover (1 × 15)
  [15/18] crossover (9 × 14)
  [16/18] crossover (16 × 2)
  [17/18] crossover (8 × 10)
  [18/18] crossover (5 × 0)
Gen 17: 17 utopias (226.0s)
  [1/18] selection (16 vs 7 → 7)
  [2/18] selection (9 vs 8 → 9)
  [3/18] selection (14 vs 2 → 14)
  [4/18] selection (12 vs 13 → 13)
  [5/18] selection (3 vs 0 → 3)
  [6/18] selection (6 vs 1 → 1)
  [7/18] selection (11 vs 1 → 11)
  [8/18] selection (15 vs 5 → 5)
  [9/18] selection (4 vs 10 → 4)
  [10/18] crossover (0 × 5)
  [11/18] crossover (8 × 7)
  [12/18] crossover (10 × 15)
  [13/18] crossover (6 × 3)
  [14/18] crossover (16 × 12)
  [15/18] crossover (9 × 14)
  [16/18] crossover (13 × 2)
  [17/18] crossover (4 × 1)
  [18/18] crossover (11 × 10)
Gen 18: 17 utopias (298.0s)
  [1/18] selection (3 vs 14 → 14)
  [2/18] selection (2 vs 0 → 0)
  [3/18] selection (9 vs 13 → 13)
  [4/18] selection (16 vs 6 → 16)
  [5/18] selection (11 vs 10 → 10)
  [6/18] selection (8 vs 12 → 12)
  [7/18] selection (4 vs 7 → 7)
  [8/18] selection (15 vs 1 → 1)
  [9/18] selection (5 vs 9 → 9)
  [10/18] crossover (12 × 6)
  [11/18] crossover (9 × 8)
  [12/18] crossover (14 × 0)
  [13/18] crossover (13 × 1)
  [14/18] crossover (5 × 12)
  [15/18] crossover (11 × 4)
  [16/18] crossover (3 × 16)
  [17/18] crossover (7 × 15)
  [18/18] crossover (2 × 10)
Gen 19: 17 utopias (277.8s)
  [1/18] selection (8 vs 2 → 8)
  [2/18] selection (0 vs 1 → 0)
  [3/18] selection (11 vs 10 → 11)
  [4/18] selection (6 vs 3 → 3)
  [5/18] selection (16 vs 12 → 16)
  [6/18] selection (9 vs 4 → 4)
  [7/18] selection (14 vs 5 → 14)
  [8/18] selection (7 vs 15 → 7)
  [9/18] selection (13 vs 14 → 13)
  [10/18] crossover (3 × 1)
  [11/18] crossover (9 × 16)
  [12/18] crossover (12 × 5)
  [13/18] crossover (8 × 2)
  [14/18] crossover (13 × 6)
  [15/18] crossover (0 × 14)
  [16/18] crossover (7 × 10)
  [17/18] crossover (4 × 5)
  [18/18] crossover (11 × 15)
Gen 20: 17 utopias (331.6s)
Lineage visualization saved to prompt_meaning_runs/kimi/lineage.html

Done. Results in prompt_meaning_runs/kimi
