Loaded 17 utopias from /Users/slacki/agents/automator/services/UtopiaBench/utopia-maxxing/initial_population
Model: moonshotai/kimi-k2-0905, Generations: 20, Concurrency: 5
Output: path_dependence_runs/kimi

Gen 0: 17 utopias (initial)
  [1/18] selection (5 vs 14 → 5)
  [2/18] selection (16 vs 0 → 16)
  [3/18] selection (1 vs 4 → 1)
  [4/18] selection (10 vs 12 → 10)
  [5/18] selection (9 vs 3 → 3)
  [6/18] selection (13 vs 2 → 2)
  [7/18] selection (7 vs 6 → 6)
  [8/18] selection (11 vs 13 → 11)
  [9/18] selection (8 vs 15 → 15)
  [10/18] crossover (5 × 10)
  [11/18] crossover (1 × 6)
  [12/18] crossover (14 × 11)
  [13/18] crossover (3 × 15)
  [14/18] crossover (16 × 2)
  [15/18] crossover (9 × 7)
  [16/18] crossover (0 × 13)
  [17/18] crossover (12 × 8)
  [18/18] crossover (4 × 8)
Gen 1: 17 utopias (349.8s)
  [1/18] selection (14 vs 9 → 9)
  [2/18] selection (16 vs 10 → 16)
  [3/18] selection (15 vs 2 → 2)
  [4/18] selection (11 vs 6 → 11)
  [5/18] selection (7 vs 12 → 7)
  [6/18] selection (1 vs 2 → 1)
  [7/18] selection (13 vs 4 → 4)
  [8/18] selection (3 vs 8 → 3)
  [9/18] selection (5 vs 0 → 5)
  [10/18] crossover (11 × 16)
  [11/18] crossover (8 × 5)
  [12/18] crossover (10 × 3)
  [13/18] crossover (12 × 1)
  [14/18] crossover (14 × 4)
  [15/18] crossover (6 × 0)
  [16/18] crossover (15 × 2)
  [17/18] crossover (7 × 3)
  [18/18] crossover (13 × 9)
Gen 2: 17 utopias (311.7s)
  [1/18] selection (2 vs 6 → 2)
  [2/18] selection (9 vs 4 → 4)
  [3/18] selection (10 vs 13 → 13)
  [4/18] selection (15 vs 14 → 14)
  [5/18] selection (8 vs 5 → 5)
  [6/18] selection (11 vs 7 → 7)
  [7/18] selection (0 vs 3 → 0)
  [8/18] selection (12 vs 3 → 12)
  [9/18] selection (1 vs 16 → 16)
  [10/18] crossover (2 × 11)
  [11/18] crossover (9 × 15)
  [12/18] crossover (14 × 16)
  [13/18] crossover (7 × 4)
  [14/18] crossover (10 × 5)
  [15/18] crossover (13 × 6)
  [16/18] crossover (8 × 5)
  [17/18] crossover (3 × 0)
  [18/18] crossover (12 × 1)
Gen 3: 17 utopias (218.1s)
  [1/18] selection (5 vs 3 → 3)
  [2/18] selection (2 vs 10 → 2)
  [3/18] selection (11 vs 13 → 11)
  [4/18] selection (16 vs 6 → 16)
  [5/18] selection (8 vs 0 → 8)
  [6/18] selection (9 vs 15 → 15)
  [7/18] selection (14 vs 15 → 15)
  [8/18] selection (1 vs 4 → 4)
  [9/18] selection (12 vs 7 → 12)
  [10/18] crossover (12 × 9)
  [11/18] crossover (13 × 5)
  [12/18] crossover (4 × 16)
  [13/18] crossover (2 × 7)
  [14/18] crossover (14 × 15)
  [15/18] crossover (11 × 10)
  [16/18] crossover (15 × 8)
  [17/18] crossover (1 × 6)
  [18/18] crossover (3 × 0)
Gen 4: 17 utopias (254.7s)
  [1/18] selection (0 vs 4 → 0)
  [2/18] selection (15 vs 11 → 15)
  [3/18] selection (9 vs 16 → 16)
  [4/18] selection (8 vs 13 → 13)
  [5/18] selection (5 vs 2 → 2)
  [6/18] selection (2 vs 3 → 3)
  [7/18] selection (6 vs 7 → 7)
  [8/18] selection (1 vs 10 → 10)
  [9/18] selection (14 vs 12 → 14)
  [10/18] crossover (3 × 5)
  [11/18] crossover (4 × 7)
  [12/18] crossover (11 × 6)
  [13/18] crossover (9 × 14)
  [14/18] crossover (15 × 8)
  [15/18] crossover (2 × 16)
  [16/18] crossover (13 × 1)
  [17/18] crossover (10 × 1)
  [18/18] crossover (0 × 12)
Gen 5: 17 utopias (308.6s)
  [1/18] selection (13 vs 9 → 9)
  [2/18] selection (14 vs 10 → 14)
  [3/18] selection (1 vs 16 → 1)
  [4/18] selection (3 vs 7 → 7)
  [5/18] selection (6 vs 15 → 6)
  [6/18] selection (4 vs 2 → 2)
  [7/18] selection (0 vs 12 → 12)
  [8/18] selection (2 vs 11 → 2)
  [9/18] selection (8 vs 5 → 8)
  [10/18] crossover (4 × 15)
  [11/18] crossover (8 × 2)
  [12/18] crossover (6 × 7)
  [13/18] crossover (14 × 0)
  [14/18] crossover (5 × 12)
  [15/18] crossover (1 × 10)
  [16/18] crossover (9 × 13)
  [17/18] crossover (16 × 3)
  [18/18] crossover (11 × 14)
Gen 6: 17 utopias (313.7s)
  [1/18] selection (0 vs 8 → 0)
  [2/18] selection (5 vs 4 → 5)
  [3/18] selection (1 vs 16 → 1)
  [4/18] selection (10 vs 12 → 12)
  [5/18] selection (13 vs 9 → 9)
  [6/18] selection (11 vs 6 → 11)
  [7/18] selection (14 vs 2 → 14)
  [8/18] selection (3 vs 15 → 15)
  [9/18] selection (7 vs 11 → 11)
  [10/18] crossover (11 × 1)
  [11/18] crossover (4 × 16)
  [12/18] crossover (9 × 5)
  [13/18] crossover (10 × 3)
  [14/18] crossover (12 × 15)
  [15/18] crossover (0 × 6)
  [16/18] crossover (14 × 1)
  [17/18] crossover (2 × 7)
  [18/18] crossover (8 × 13)
Gen 7: 17 utopias (226.1s)
  [1/18] selection (11 vs 15 → 15)
  [2/18] selection (10 vs 0 → 0)
  [3/18] selection (13 vs 12 → 13)
  [4/18] selection (16 vs 5 → 16)
  [5/18] selection (1 vs 9 → 1)
  [6/18] selection (7 vs 8 → 7)
  [7/18] selection (4 vs 3 → 4)
  [8/18] selection (6 vs 14 → 14)
  [9/18] selection (2 vs 9 → 2)
  [10/18] crossover (14 × 7)
  [11/18] crossover (4 × 0)
  [12/18] crossover (13 × 3)
  [13/18] crossover (12 × 2)
  [14/18] crossover (16 × 1)
  [15/18] crossover (9 × 6)
  [16/18] crossover (8 × 10)
  [17/18] crossover (11 × 2)
  [18/18] crossover (5 × 15)
Gen 8: 17 utopias (190.6s)
  [1/18] selection (13 vs 7 → 7)
  [2/18] selection (5 vs 11 → 5)
  [3/18] selection (0 vs 3 → 3)
  [4/18] selection (1 vs 16 → 16)
  [5/18] selection (9 vs 4 → 4)
  [6/18] selection (8 vs 10 → 10)
  [7/18] selection (14 vs 15 → 15)
  [8/18] selection (4 vs 6 → 6)
  [9/18] selection (2 vs 12 → 2)
  [10/18] crossover (4 × 5)
  [11/18] crossover (11 × 1)
  [12/18] crossover (3 × 7)
  [13/18] crossover (10 × 13)
  [14/18] crossover (6 × 0)
  [15/18] crossover (16 × 12)
  [16/18] crossover (15 × 14)
  [17/18] crossover (2 × 8)
  [18/18] crossover (9 × 8)
Gen 9: 17 utopias (231.9s)
  [1/18] selection (10 vs 11 → 11)
  [2/18] selection (14 vs 3 → 3)
  [3/18] selection (12 vs 15 → 15)
  [4/18] selection (16 vs 0 → 16)
  [5/18] selection (9 vs 6 → 9)
  [6/18] selection (8 vs 12 → 8)
  [7/18] selection (5 vs 2 → 2)
  [8/18] selection (1 vs 4 → 1)
  [9/18] selection (13 vs 7 → 7)
  [10/18] crossover (12 × 9)
  [11/18] crossover (3 × 1)
  [12/18] crossover (4 × 16)
  [13/18] crossover (14 × 15)
  [14/18] crossover (5 × 8)
  [15/18] crossover (7 × 13)
  [16/18] crossover (2 × 0)
  [17/18] crossover (11 × 14)
  [18/18] crossover (6 × 10)
Gen 10: 17 utopias (187.8s)
  [1/18] selection (13 vs 3 → 13)
  [2/18] selection (4 vs 7 → 4)
  [3/18] selection (11 vs 1 → 11)
  [4/18] selection (14 vs 9 → 9)
  [5/18] selection (10 vs 1 → 1)
  [6/18] selection (5 vs 15 → 5)
  [7/18] selection (0 vs 6 → 6)
  [8/18] selection (12 vs 2 → 2)
  [9/18] selection (8 vs 16 → 8)
  [10/18] crossover (5 × 16)
  [11/18] crossover (15 × 6)
  [12/18] crossover (10 × 3)
  [13/18] crossover (2 × 7)
  [14/18] crossover (9 × 1)
  [15/18] crossover (8 × 12)
  [16/18] crossover (0 × 4)
  [17/18] crossover (13 × 11)
  [18/18] crossover (14 × 11)
Gen 11: 17 utopias (234.5s)
  [1/18] selection (3 vs 6 → 6)
  [2/18] selection (15 vs 10 → 10)
  [3/18] selection (5 vs 13 → 13)
  [4/18] selection (8 vs 4 → 8)
  [5/18] selection (7 vs 12 → 12)
  [6/18] selection (0 vs 15 → 15)
  [7/18] selection (11 vs 2 → 2)
  [8/18] selection (1 vs 14 → 14)
  [9/18] selection (9 vs 16 → 9)
  [10/18] crossover (9 × 8)
  [11/18] crossover (10 × 3)
  [12/18] crossover (12 × 6)
  [13/18] crossover (11 × 14)
  [14/18] crossover (2 × 13)
  [15/18] crossover (16 × 0)
  [16/18] crossover (7 × 5)
  [17/18] crossover (4 × 15)
  [18/18] crossover (1 × 13)
Gen 12: 17 utopias (283.6s)
  [1/18] selection (5 vs 1 → 1)
  [2/18] selection (11 vs 15 → 11)
  [3/18] selection (12 vs 9 → 12)
  [4/18] selection (8 vs 7 → 8)
  [5/18] selection (0 vs 14 → 14)
  [6/18] selection (10 vs 6 → 10)
  [7/18] selection (3 vs 4 → 3)
  [8/18] selection (16 vs 13 → 13)
  [9/18] selection (2 vs 0 → 0)
  [10/18] crossover (14 × 13)
  [11/18] crossover (5 × 8)
  [12/18] crossover (6 × 1)
  [13/18] crossover (4 × 16)
  [14/18] crossover (7 × 3)
  [15/18] crossover (9 × 15)
  [16/18] crossover (12 × 10)
  [17/18] crossover (2 × 10)
  [18/18] crossover (0 × 11)
Gen 13: 17 utopias (285.1s)
  [1/18] selection (11 vs 4 → 4)
  [2/18] selection (9 vs 14 → 14)
  [3/18] selection (12 vs 8 → 12)
  [4/18] selection (2 vs 6 → 2)
  [5/18] selection (1 vs 0 → 1)
  [6/18] selection (16 vs 13 → 16)
  [7/18] selection (5 vs 7 → 5)
  [8/18] selection (3 vs 13 → 13)
  [9/18] selection (15 vs 10 → 10)
  [10/18] crossover (3 × 1)
  [11/18] crossover (8 × 16)
  [12/18] crossover (15 × 5)
  [13/18] crossover (0 × 13)
  [14/18] crossover (7 × 12)
  [15/18] crossover (11 × 6)
  [16/18] crossover (4 × 2)
  [17/18] crossover (14 × 9)
  [18/18] crossover (10 × 14)
Gen 14: 17 utopias (254.2s)
  [1/18] selection (2 vs 5 → 5)
  [2/18] selection (9 vs 12 → 9)
  [3/18] selection (7 vs 3 → 7)
  [4/18] selection (0 vs 15 → 0)
  [5/18] selection (1 vs 6 → 6)
  [6/18] selection (4 vs 6 → 4)
  [7/18] selection (14 vs 10 → 10)
  [8/18] selection (16 vs 11 → 16)
  [9/18] selection (8 vs 13 → 13)
  [10/18] crossover (6 × 13)
  [11/18] crossover (4 × 16)
  [12/18] crossover (10 × 5)
  [13/18] crossover (8 × 14)
  [14/18] crossover (7 × 2)
  [15/18] crossover (9 × 12)
  [16/18] crossover (0 × 3)
  [17/18] crossover (11 × 16)
  [18/18] crossover (15 × 1)
Gen 15: 17 utopias (249.3s)
  [1/18] selection (5 vs 15 → 15)
  [2/18] selection (7 vs 3 → 3)
  [3/18] selection (8 vs 13 → 8)
  [4/18] selection (4 vs 1 → 1)
  [5/18] selection (16 vs 2 → 2)
  [6/18] selection (0 vs 9 → 9)
  [7/18] selection (6 vs 14 → 6)
  [8/18] selection (10 vs 12 → 10)
  [9/18] selection (12 vs 11 → 12)
  [10/18] crossover (16 × 1)
  [11/18] crossover (15 × 2)
  [12/18] crossover (0 × 4)
  [13/18] crossover (7 × 5)
  [14/18] crossover (13 × 8)
  [15/18] crossover (11 × 10)
  [16/18] crossover (9 × 3)
  [17/18] crossover (12 × 14)
  [18/18] crossover (6 × 0)
Gen 16: 17 utopias (236.5s)
  [1/18] selection (8 vs 6 → 6)
  [2/18] selection (15 vs 16 → 16)
  [3/18] selection (3 vs 14 → 3)
  [4/18] selection (0 vs 5 → 5)
  [5/18] selection (12 vs 14 → 12)
  [6/18] selection (9 vs 13 → 9)
  [7/18] selection (7 vs 11 → 7)
  [8/18] selection (10 vs 1 → 1)
  [9/18] selection (2 vs 4 → 2)
  [10/18] crossover (3 × 12)
  [11/18] crossover (1 × 11)
  [12/18] crossover (5 × 0)
  [13/18] crossover (7 × 15)
  [14/18] crossover (13 × 14)
  [15/18] crossover (9 × 4)
  [16/18] crossover (10 × 15)
  [17/18] crossover (8 × 6)
  [18/18] crossover (16 × 2)
Gen 17: 17 utopias (251.7s)
  [1/18] selection (15 vs 16 → 16)
  [2/18] selection (9 vs 12 → 12)
  [3/18] selection (4 vs 10 → 4)
  [4/18] selection (14 vs 3 → 14)
  [5/18] selection (1 vs 16 → 1)
  [6/18] selection (6 vs 7 → 7)
  [7/18] selection (13 vs 2 → 13)
  [8/18] selection (5 vs 0 → 0)
  [9/18] selection (11 vs 8 → 11)
  [10/18] crossover (0 × 7)
  [11/18] crossover (9 × 2)
  [12/18] crossover (3 × 4)
  [13/18] crossover (14 × 8)
  [14/18] crossover (15 × 16)
  [15/18] crossover (13 × 11)
  [16/18] crossover (12 × 10)
  [17/18] crossover (1 × 6)
  [18/18] crossover (5 × 1)
Gen 18: 17 utopias (289.5s)
  [1/18] selection (14 vs 2 → 2)
  [2/18] selection (4 vs 10 → 10)
  [3/18] selection (1 vs 16 → 1)
  [4/18] selection (9 vs 13 → 9)
  [5/18] selection (6 vs 11 → 6)
  [6/18] selection (8 vs 0 → 8)
  [7/18] selection (12 vs 15 → 15)
  [8/18] selection (5 vs 3 → 3)
  [9/18] selection (7 vs 11 → 7)
  [10/18] crossover (11 × 0)
  [11/18] crossover (5 × 15)
  [12/18] crossover (3 × 9)
  [13/18] crossover (4 × 12)
  [14/18] crossover (10 × 2)
  [15/18] crossover (6 × 14)
  [16/18] crossover (13 × 1)
  [17/18] crossover (8 × 7)
  [18/18] crossover (16 × 14)
Gen 19: 17 utopias (259.1s)
  [1/18] selection (12 vs 5 → 5)
  [2/18] selection (6 vs 7 → 7)
  [3/18] selection (2 vs 4 → 2)
  [4/18] selection (0 vs 9 → 9)
  [5/18] selection (1 vs 9 → 1)
  [6/18] selection (3 vs 13 → 3)
  [7/18] selection (8 vs 16 → 8)
  [8/18] selection (10 vs 14 → 14)
  [9/18] selection (15 vs 11 → 15)
  [10/18] crossover (7 × 14)
  [11/18] crossover (11 × 4)
  [12/18] crossover (3 × 6)
  [13/18] crossover (12 × 8)
  [14/18] crossover (16 × 2)
  [15/18] crossover (9 × 0)
  [16/18] crossover (10 × 15)
  [17/18] crossover (1 × 5)
  [18/18] crossover (13 × 4)
Gen 20: 17 utopias (375.5s)
Lineage visualization saved to path_dependence_runs/kimi/lineage.html

Done. Results in path_dependence_runs/kimi
