Loaded 18 utopias from initial_population_hedonium
  [1/18] selection (13 vs 6 -> 13)
  [2/18] selection (3 vs 17 -> 3)
  [3/18] selection (5 vs 1 -> 5)
  [4/18] selection (9 vs 12 -> 12)
  [5/18] selection (16 vs 0 -> 16)
  [6/18] selection (10 vs 15 -> 10)
  [7/18] selection (14 vs 7 -> 7)
  [8/18] selection (11 vs 4 -> 4)
  [9/18] selection (8 vs 2 -> 8)
  [10/18] crossover (14 x 7)
  [11/18] crossover (8 x 5)
  [12/18] crossover (6 x 13)
  [13/18] crossover (17 x 9)
  [14/18] crossover (4 x 0)
  [15/18] crossover (2 x 16)
  [16/18] crossover (15 x 3)
  [17/18] crossover (10 x 1)
  [18/18] crossover (12 x 11)
Gen 1: 18 utopias (61.3s)
  [1/18] selection (12 vs 5 -> 12)
  [2/18] selection (11 vs 4 -> 11)
  [3/18] selection (6 vs 15 -> 15)
  [4/18] selection (17 vs 7 -> 7)
  [5/18] selection (9 vs 2 -> 9)
  [6/18] selection (10 vs 16 -> 10)
  [7/18] selection (3 vs 8 -> 3)
  [8/18] selection (13 vs 14 -> 14)
  [9/18] selection (1 vs 0 -> 0)
  [10/18] crossover (11 x 10)
  [11/18] crossover (9 x 2)
  [12/18] crossover (4 x 8)
  [13/18] crossover (3 x 12)
  [14/18] crossover (16 x 7)
  [15/18] crossover (1 x 0)
  [16/18] crossover (13 x 5)
  [17/18] crossover (15 x 6)
  [18/18] crossover (17 x 14)
Gen 2: 18 utopias (62.4s)
  [1/18] selection (3 vs 5 -> 3)
  [2/18] selection (12 vs 7 -> 12)
  [3/18] selection (8 vs 4 -> 8)
  [4/18] selection (15 vs 10 -> 15)
  [5/18] selection (17 vs 0 -> 0)
  [6/18] selection (6 vs 9 -> 6)
  [7/18] selection (2 vs 16 -> 16)
  [8/18] selection (13 vs 1 -> 13)
  [9/18] selection (11 vs 14 -> 14)
  [10/18] crossover (9 x 1)
  [11/18] crossover (7 x 16)
  [12/18] crossover (14 x 10)
  [13/18] crossover (0 x 8)
  [14/18] crossover (2 x 5)
  [15/18] crossover (17 x 11)
  [16/18] crossover (12 x 15)
  [17/18] crossover (3 x 6)
  [18/18] crossover (13 x 4)
Gen 3: 18 utopias (62.0s)
  [1/18] selection (6 vs 14 -> 6)
  [2/18] selection (15 vs 1 -> 1)
  [3/18] selection (3 vs 17 -> 17)
  [4/18] selection (7 vs 12 -> 12)
  [5/18] selection (2 vs 5 -> 2)
  [6/18] selection (0 vs 4 -> 4)
  [7/18] selection (16 vs 10 -> 16)
  [8/18] selection (8 vs 9 -> 8)
  [9/18] selection (13 vs 11 -> 11)
  [10/18] crossover (5 x 17)
  [11/18] crossover (10 x 11)
  [12/18] crossover (16 x 13)
  [13/18] crossover (12 x 6)
  [14/18] crossover (7 x 0)
  [15/18] crossover (1 x 9)
  [16/18] crossover (15 x 8)
  [17/18] crossover (2 x 4)
  [18/18] crossover (3 x 14)
Gen 4: 18 utopias (67.6s)
  [1/18] selection (11 vs 2 -> 11)
  [2/18] selection (10 vs 7 -> 10)
  [3/18] selection (0 vs 1 -> 0)
  [4/18] selection (15 vs 5 -> 15)
  [5/18] selection (8 vs 13 -> 13)
  [6/18] selection (14 vs 9 -> 14)
  [7/18] selection (6 vs 4 -> 4)
  [8/18] selection (3 vs 16 -> 16)
  [9/18] selection (12 vs 17 -> 12)
  [10/18] crossover (8 x 2)
  [11/18] crossover (12 x 4)
  [12/18] crossover (10 x 5)
  [13/18] crossover (1 x 0)
  [14/18] crossover (17 x 6)
  [15/18] crossover (7 x 16)
  [16/18] crossover (15 x 3)
  [17/18] crossover (13 x 11)
  [18/18] crossover (9 x 14)
Gen 5: 18 utopias (70.7s)
  [1/18] selection (0 vs 4 -> 0)
  [2/18] selection (6 vs 5 -> 6)
  [3/18] selection (12 vs 13 -> 13)
  [4/18] selection (11 vs 7 -> 11)
  [5/18] selection (17 vs 15 -> 17)
  [6/18] selection (3 vs 1 -> 3)
  [7/18] selection (8 vs 10 -> 10)
  [8/18] selection (2 vs 14 -> 2)
  [9/18] selection (9 vs 16 -> 9)
  [10/18] crossover (4 x 9)
  [11/18] crossover (15 x 16)
  [12/18] crossover (11 x 7)
  [13/18] crossover (14 x 17)
  [14/18] crossover (0 x 10)
  [15/18] crossover (8 x 13)
  [16/18] crossover (3 x 5)
  [17/18] crossover (6 x 1)
  [18/18] crossover (2 x 12)
Gen 6: 18 utopias (98.6s)
  [1/18] selection (14 vs 2 -> 14)
  [2/18] selection (3 vs 8 -> 8)
  [3/18] selection (5 vs 10 -> 10)
  [4/18] selection (13 vs 11 -> 11)
  [5/18] selection (16 vs 9 -> 9)
  [6/18] selection (7 vs 4 -> 4)
  [7/18] selection (15 vs 12 -> 12)
  [8/18] selection (0 vs 1 -> 0)
  [9/18] selection (6 vs 17 -> 17)
  [10/18] crossover (3 x 7)
  [11/18] crossover (5 x 17)
  [12/18] crossover (9 x 11)
  [13/18] crossover (1 x 6)
  [14/18] crossover (15 x 10)
  [15/18] crossover (8 x 14)
  [16/18] crossover (13 x 16)
  [17/18] crossover (4 x 0)
  [18/18] crossover (12 x 2)
Gen 7: 18 utopias (70.1s)
  [1/18] selection (2 vs 6 -> 6)
  [2/18] selection (14 vs 5 -> 14)
  [3/18] selection (7 vs 10 -> 10)
  [4/18] selection (3 vs 13 -> 13)
  [5/18] selection (16 vs 9 -> 16)
  [6/18] selection (17 vs 0 -> 0)
  [7/18] selection (4 vs 8 -> 4)
  [8/18] selection (1 vs 11 -> 1)
  [9/18] selection (15 vs 12 -> 12)
  [10/18] crossover (0 x 15)
  [11/18] crossover (13 x 10)
  [12/18] crossover (9 x 1)
  [13/18] crossover (14 x 12)
  [14/18] crossover (11 x 5)
  [15/18] crossover (6 x 17)
  [16/18] crossover (2 x 4)
  [17/18] crossover (8 x 7)
  [18/18] crossover (16 x 3)
Gen 8: 18 utopias (87.5s)
  [1/18] selection (11 vs 3 -> 11)
  [2/18] selection (4 vs 5 -> 4)
  [3/18] selection (1 vs 14 -> 14)
  [4/18] selection (7 vs 16 -> 16)
  [5/18] selection (15 vs 17 -> 17)
  [6/18] selection (0 vs 10 -> 10)
  [7/18] selection (8 vs 2 -> 2)
  [8/18] selection (12 vs 6 -> 6)
  [9/18] selection (13 vs 9 -> 13)
  [10/18] crossover (12 x 9)
  [11/18] crossover (14 x 11)
  [12/18] crossover (2 x 13)
  [13/18] crossover (8 x 7)
  [14/18] crossover (6 x 1)
  [15/18] crossover (0 x 3)
  [16/18] crossover (4 x 10)
  [17/18] crossover (15 x 17)
  [18/18] crossover (16 x 5)
Gen 9: 18 utopias (84.9s)
  [1/18] selection (1 vs 7 -> 7)
  [2/18] selection (13 vs 15 -> 15)
  [3/18] selection (8 vs 0 -> 0)
  [4/18] selection (4 vs 11 -> 4)
  [5/18] selection (6 vs 14 -> 14)
  [6/18] selection (12 vs 16 -> 16)
  [7/18] selection (5 vs 3 -> 5)
  [8/18] selection (9 vs 17 -> 17)
  [9/18] selection (2 vs 10 -> 2)
  [10/18] crossover (15 x 2)
  [11/18] crossover (8 x 12)
  [12/18] crossover (6 x 13)
  [13/18] crossover (4 x 0)
  [14/18] crossover (9 x 11)
  [15/18] crossover (5 x 3)
  [16/18] crossover (7 x 10)
  [17/18] crossover (17 x 16)
  [18/18] crossover (1 x 14)
Gen 10: 18 utopias (69.2s)
Done. Results in hedonium_runs/fable-5
