Loaded 18 utopias from initial_population_hedonium
  [1/18] selection (17 vs 6 -> 17)
  [2/18] selection (3 vs 5 -> 5)
  [3/18] selection (0 vs 13 -> 13)
  [4/18] selection (11 vs 8 -> 8)
  [5/18] selection (12 vs 16 -> 16)
  [6/18] selection (10 vs 2 -> 2)
  [7/18] selection (15 vs 4 -> 4)
  [8/18] selection (14 vs 9 -> 9)
  [9/18] selection (7 vs 1 -> 1)
  [10/18] crossover (10 x 6)
  [11/18] crossover (12 x 8)
  [12/18] crossover (5 x 17)
  [13/18] crossover (15 x 11)
  [14/18] crossover (16 x 0)
  [15/18] crossover (13 x 3)
  [16/18] crossover (4 x 1)
  [17/18] crossover (9 x 14)
  [18/18] crossover (7 x 2)
Gen 1: 18 utopias (226.1s)
  [1/18] selection (0 vs 5 -> 0)
  [2/18] selection (12 vs 3 -> 12)
  [3/18] selection (1 vs 10 -> 10)
  [4/18] selection (11 vs 15 -> 15)
  [5/18] selection (7 vs 14 -> 7)
  [6/18] selection (17 vs 8 -> 8)
  [7/18] selection (16 vs 9 -> 16)
  [8/18] selection (6 vs 2 -> 6)
  [9/18] selection (13 vs 4 -> 13)
  [10/18] crossover (7 x 8)
  [11/18] crossover (15 x 1)
  [12/18] crossover (5 x 9)
  [13/18] crossover (14 x 13)
  [14/18] crossover (3 x 17)
  [15/18] crossover (10 x 0)
  [16/18] crossover (4 x 6)
  [17/18] crossover (12 x 11)
  [18/18] crossover (16 x 2)
Gen 2: 18 utopias (256.1s)
  [1/18] selection (7 vs 2 -> 2)
  [2/18] selection (5 vs 11 -> 11)
  [3/18] selection (14 vs 3 -> 14)
  [4/18] selection (13 vs 6 -> 13)
  [5/18] selection (9 vs 0 -> 9)
  [6/18] selection (10 vs 4 -> 10)
  [7/18] selection (12 vs 15 -> 15)
  [8/18] selection (8 vs 1 -> 8)
  [9/18] selection (17 vs 16 -> 17)
  [10/18] crossover (13 x 4)
  [11/18] crossover (9 x 7)
  [12/18] crossover (0 x 17)
  [13/18] crossover (15 x 2)
  [14/18] crossover (12 x 3)
  [15/18] crossover (11 x 16)
  [16/18] crossover (8 x 5)
  [17/18] crossover (10 x 6)
  [18/18] crossover (1 x 14)
Gen 3: 18 utopias (169.9s)
  [1/18] selection (3 vs 12 -> 12)
  [2/18] selection (1 vs 8 -> 1)
  [3/18] selection (14 vs 2 -> 2)
  [4/18] selection (0 vs 11 -> 11)
  [5/18] selection (5 vs 15 -> 5)
  [6/18] selection (10 vs 7 -> 10)
  [7/18] selection (4 vs 16 -> 16)
  [8/18] selection (9 vs 17 -> 17)
  [9/18] crossover (1 x 3)
  [10/18] crossover (2 x 11)
  [11/18] crossover (6 x 10)
  [12/18] crossover (0 x 17)
  [13/18] crossover (7 x 13)
  [14/18] crossover (14 x 8)
  [15/18] selection (6 vs 13 -> 6)
  [16/18] crossover (15 x 5)
  [17/18] crossover (12 x 9)
  [18/18] crossover (16 x 4)
Gen 4: 18 utopias (297.8s)
  [1/18] selection (13 vs 4 -> 4)
  [2/18] selection (2 vs 8 -> 8)
  [3/18] selection (6 vs 3 -> 6)
  [4/18] selection (5 vs 12 -> 5)
  [5/18] selection (15 vs 11 -> 11)
  [6/18] selection (7 vs 17 -> 7)
  [7/18] selection (1 vs 14 -> 14)
  [8/18] crossover (9 x 0)
  [9/18] selection (10 vs 9 -> 10)
  [10/18] crossover (4 x 5)
  [11/18] crossover (14 x 16)
  [12/18] crossover (17 x 15)
  [13/18] crossover (8 x 12)
  [14/18] crossover (1 x 10)
  [15/18] crossover (2 x 6)
  [16/18] crossover (7 x 11)
  [17/18] selection (0 vs 16 -> 0)
  [18/18] crossover (13 x 3)
Gen 5: 18 utopias (182.6s)
  [1/18] selection (1 vs 5 -> 5)
  [2/18] selection (6 vs 0 -> 0)
  [3/18] selection (8 vs 2 -> 8)
  [4/18] selection (17 vs 4 -> 17)
  [5/18] selection (7 vs 14 -> 14)
  [6/18] selection (13 vs 16 -> 13)
  [7/18] selection (10 vs 11 -> 10)
  [8/18] selection (3 vs 12 -> 3)
  [9/18] selection (15 vs 9 -> 9)
  [10/18] crossover (17 x 15)
  [11/18] crossover (11 x 6)
  [12/18] crossover (7 x 14)
  [13/18] crossover (9 x 3)
  [14/18] crossover (1 x 10)
  [15/18] crossover (2 x 5)
  [16/18] crossover (0 x 8)
  [17/18] crossover (12 x 13)
  [18/18] crossover (4 x 16)
Gen 6: 18 utopias (294.5s)
  [1/18] selection (15 vs 9 -> 9)
  [2/18] selection (14 vs 0 -> 14)
  [3/18] selection (6 vs 17 -> 17)
  [4/18] selection (2 vs 8 -> 2)
  [5/18] selection (16 vs 12 -> 12)
  [6/18] selection (4 vs 13 -> 13)
  [7/18] selection (7 vs 5 -> 7)
  [8/18] selection (3 vs 11 -> 3)
  [9/18] crossover (0 x 2)
  [10/18] selection (1 vs 10 -> 10)
  [11/18] crossover (8 x 14)
  [12/18] crossover (15 x 5)
  [13/18] crossover (16 x 10)
  [14/18] crossover (7 x 11)
  [15/18] crossover (3 x 4)
  [16/18] crossover (12 x 13)
  [17/18] crossover (1 x 17)
  [18/18] crossover (9 x 6)
Gen 7: 18 utopias (298.6s)
  [1/18] selection (11 vs 17 -> 11)
  [2/18] selection (3 vs 15 -> 3)
  [3/18] selection (6 vs 12 -> 6)
  [4/18] selection (8 vs 14 -> 14)
  [5/18] selection (1 vs 9 -> 1)
  [6/18] selection (10 vs 7 -> 7)
  [7/18] selection (5 vs 2 -> 5)
  [8/18] selection (13 vs 0 -> 13)
  [9/18] selection (16 vs 4 -> 4)
  [10/18] crossover (13 x 0)
  [11/18] crossover (14 x 8)
  [12/18] crossover (5 x 3)
  [13/18] crossover (12 x 17)
  [14/18] crossover (7 x 1)
  [15/18] crossover (15 x 16)
  [16/18] crossover (2 x 4)
  [17/18] crossover (11 x 6)
  [18/18] crossover (10 x 9)
Gen 8: 18 utopias (172.3s)
  [1/18] selection (12 vs 0 -> 0)
  [2/18] selection (5 vs 7 -> 5)
  [3/18] selection (15 vs 6 -> 6)
  [4/18] selection (13 vs 1 -> 1)
  [5/18] selection (9 vs 10 -> 10)
  [6/18] selection (11 vs 2 -> 11)
  [7/18] selection (17 vs 4 -> 4)
  [8/18] selection (14 vs 16 -> 16)
  [9/18] crossover (6 x 3)
  [10/18] selection (8 vs 3 -> 8)
  [11/18] crossover (16 x 4)
  [12/18] crossover (12 x 5)
  [13/18] crossover (0 x 8)
  [14/18] crossover (15 x 17)
  [15/18] crossover (14 x 13)
  [16/18] crossover (9 x 11)
  [17/18] crossover (2 x 7)
  [18/18] crossover (1 x 10)
Gen 9: 18 utopias (222.8s)
  [1/18] selection (15 vs 0 -> 0)
  [2/18] selection (13 vs 14 -> 14)
  [3/18] selection (1 vs 2 -> 2)
  [4/18] selection (7 vs 4 -> 7)
  [5/18] selection (16 vs 12 -> 12)
  [6/18] selection (9 vs 17 -> 17)
  [7/18] crossover (8 x 17)
  [8/18] crossover (16 x 10)
  [9/18] selection (8 vs 6 -> 6)
  [10/18] selection (10 vs 11 -> 11)
  [11/18] crossover (3 x 5)
  [12/18] crossover (15 x 11)
  [13/18] crossover (1 x 9)
  [14/18] crossover (14 x 12)
  [15/18] crossover (0 x 13)
  [16/18] crossover (7 x 2)
  [17/18] crossover (6 x 4)
  [18/18] selection (3 vs 5 -> 5)
Gen 10: 18 utopias (194.4s)
Done. Results in hedonium_runs/kimi-k2.5
