Loaded 16 utopias from population_no_archive
Model: moonshotai/kimi-k2-0905, Generations: 20, Concurrency: 5
Output: no_top_seed_runs/kimi

Gen 0: 16 utopias (initial)
  [1/16] selection (1 vs 11 → 11)
  [2/16] selection (12 vs 7 → 7)
  [3/16] selection (6 vs 2 → 2)
  [4/16] selection (5 vs 8 → 5)
  [5/16] selection (15 vs 10 → 10)
  [6/16] selection (14 vs 0 → 14)
  [7/16] selection (4 vs 9 → 4)
  [8/16] crossover (13 × 2)
  [9/16] crossover (3 × 11)
  [10/16] crossover (1 × 5)
  [11/16] crossover (8 × 14)
  [12/16] crossover (7 × 4)
  [13/16] crossover (6 × 10)
  [14/16] crossover (12 × 0)
  [15/16] crossover (9 × 15)
  [16/16] selection (13 vs 3 → 3)
Gen 1: 16 utopias (601.1s)
  [1/16] selection (15 vs 3 → 15)
  [2/16] selection (0 vs 6 → 6)
  [3/16] selection (4 vs 10 → 10)
  [4/16] selection (11 vs 14 → 11)
  [5/16] selection (13 vs 5 → 5)
  [6/16] selection (2 vs 9 → 9)
  [7/16] selection (7 vs 12 → 12)
  [8/16] selection (8 vs 1 → 8)
  [9/16] crossover (12 × 0)
  [10/16] crossover (15 × 4)
  [11/16] crossover (3 × 7)
  [12/16] crossover (9 × 2)
  [13/16] crossover (10 × 6)
  [14/16] crossover (13 × 1)
  [15/16] crossover (11 × 14)
  [16/16] crossover (5 × 8)
Gen 2: 16 utopias (264.0s)
  [1/16] selection (10 vs 13 → 13)
  [2/16] selection (5 vs 6 → 5)
  [3/16] selection (7 vs 2 → 7)
  [4/16] selection (14 vs 12 → 12)
  [5/16] selection (0 vs 11 → 0)
  [6/16] selection (15 vs 8 → 8)
  [7/16] selection (4 vs 9 → 9)
  [8/16] selection (3 vs 1 → 1)
  [9/16] crossover (11 × 5)
  [10/16] crossover (8 × 6)
  [11/16] crossover (14 × 1)
  [12/16] crossover (4 × 13)
  [13/16] crossover (15 × 3)
  [14/16] crossover (9 × 10)
  [15/16] crossover (2 × 12)
  [16/16] crossover (7 × 0)
Gen 3: 16 utopias (265.7s)
  [1/16] selection (12 vs 0 → 0)
  [2/16] selection (13 vs 15 → 15)
  [3/16] selection (1 vs 7 → 1)
  [4/16] selection (8 vs 10 → 8)
  [5/16] selection (2 vs 14 → 2)
  [6/16] selection (6 vs 3 → 3)
  [7/16] selection (11 vs 5 → 5)
  [8/16] selection (9 vs 4 → 4)
  [9/16] crossover (7 × 15)
  [10/16] crossover (12 × 11)
  [11/16] crossover (6 × 3)
  [12/16] crossover (10 × 13)
  [13/16] crossover (9 × 4)
  [14/16] crossover (1 × 5)
  [15/16] crossover (0 × 2)
  [16/16] crossover (14 × 8)
Gen 4: 16 utopias (294.3s)
  [1/16] selection (10 vs 5 → 5)
  [2/16] selection (8 vs 12 → 8)
  [3/16] selection (1 vs 11 → 11)
  [4/16] selection (4 vs 14 → 4)
  [5/16] selection (13 vs 6 → 6)
  [6/16] selection (3 vs 7 → 3)
  [7/16] selection (15 vs 9 → 15)
  [8/16] selection (0 vs 2 → 2)
  [9/16] crossover (3 × 12)
  [10/16] crossover (11 × 0)
  [11/16] crossover (8 × 9)
  [12/16] crossover (10 × 13)
  [13/16] crossover (1 × 5)
  [14/16] crossover (14 × 15)
  [15/16] crossover (4 × 2)
  [16/16] crossover (7 × 6)
Gen 5: 16 utopias (290.1s)
  [1/16] selection (6 vs 5 → 6)
  [2/16] selection (9 vs 2 → 2)
  [3/16] selection (12 vs 3 → 12)
  [4/16] selection (15 vs 13 → 13)
  [5/16] selection (14 vs 0 → 14)
  [6/16] selection (7 vs 11 → 7)
  [7/16] selection (8 vs 1 → 8)
  [8/16] selection (4 vs 10 → 4)
  [9/16] crossover (11 × 7)
  [10/16] crossover (8 × 2)
  [11/16] crossover (6 × 1)
  [12/16] crossover (4 × 15)
  [13/16] crossover (13 × 12)
  [14/16] crossover (0 × 9)
  [15/16] crossover (10 × 5)
  [16/16] crossover (3 × 14)
Gen 6: 16 utopias (241.3s)
  [1/16] selection (2 vs 1 → 2)
  [2/16] selection (7 vs 0 → 7)
  [3/16] selection (9 vs 12 → 9)
  [4/16] selection (10 vs 5 → 5)
  [5/16] selection (15 vs 11 → 11)
  [6/16] selection (14 vs 6 → 14)
  [7/16] selection (8 vs 4 → 4)
  [8/16] selection (3 vs 13 → 13)
  [9/16] crossover (6 × 10)
  [10/16] crossover (5 × 11)
  [11/16] crossover (9 × 12)
  [12/16] crossover (7 × 0)
  [13/16] crossover (13 × 3)
  [14/16] crossover (8 × 14)
  [15/16] crossover (1 × 15)
  [16/16] crossover (2 × 4)
Gen 7: 16 utopias (311.8s)
  [1/16] selection (9 vs 4 → 4)
  [2/16] selection (15 vs 1 → 1)
  [3/16] selection (10 vs 5 → 10)
  [4/16] selection (13 vs 7 → 7)
  [5/16] selection (2 vs 14 → 2)
  [6/16] selection (3 vs 8 → 3)
  [7/16] selection (0 vs 6 → 0)
  [8/16] selection (12 vs 11 → 12)
  [9/16] crossover (6 × 15)
  [10/16] crossover (7 × 0)
  [11/16] crossover (2 × 5)
  [12/16] crossover (1 × 3)
  [13/16] crossover (13 × 8)
  [14/16] crossover (12 × 9)
  [15/16] crossover (11 × 14)
  [16/16] crossover (10 × 4)
Gen 8: 16 utopias (240.1s)
  [1/16] selection (15 vs 9 → 15)
  [2/16] selection (3 vs 11 → 11)
  [3/16] selection (6 vs 4 → 6)
  [4/16] selection (10 vs 14 → 10)
  [5/16] selection (1 vs 5 → 1)
  [6/16] selection (13 vs 2 → 2)
  [7/16] selection (0 vs 12 → 0)
  [8/16] selection (8 vs 7 → 8)
  [9/16] crossover (6 × 15)
  [10/16] crossover (10 × 7)
  [11/16] crossover (5 × 13)
  [12/16] crossover (0 × 4)
  [13/16] crossover (3 × 11)
  [14/16] crossover (14 × 9)
  [15/16] crossover (12 × 2)
  [16/16] crossover (1 × 8)
Gen 9: 16 utopias (370.4s)
  [1/16] selection (10 vs 0 → 0)
  [2/16] selection (11 vs 1 → 1)
  [3/16] selection (15 vs 14 → 15)
  [4/16] selection (2 vs 3 → 2)
  [5/16] selection (9 vs 13 → 9)
  [6/16] selection (6 vs 5 → 5)
  [7/16] selection (12 vs 7 → 7)
  [8/16] selection (8 vs 4 → 4)
  [9/16] crossover (15 × 14)
  [10/16] crossover (7 × 13)
  [11/16] crossover (9 × 3)
  [12/16] crossover (11 × 0)
  [13/16] crossover (10 × 4)
  [14/16] crossover (5 × 2)
  [15/16] crossover (1 × 8)
  [16/16] crossover (6 × 12)
Gen 10: 16 utopias (263.2s)
  [1/16] selection (12 vs 4 → 4)
  [2/16] selection (11 vs 6 → 11)
  [3/16] selection (15 vs 2 → 2)
  [4/16] selection (1 vs 7 → 1)
  [5/16] selection (14 vs 9 → 9)
  [6/16] selection (13 vs 3 → 13)
  [7/16] selection (10 vs 0 → 10)
  [8/16] selection (8 vs 5 → 5)
  [9/16] crossover (15 × 3)
  [10/16] crossover (9 × 0)
  [11/16] crossover (6 × 13)
  [12/16] crossover (8 × 7)
  [13/16] crossover (5 × 11)
  [14/16] crossover (1 × 12)
  [15/16] crossover (2 × 10)
  [16/16] crossover (14 × 4)
Gen 11: 16 utopias (327.4s)
  [1/16] selection (12 vs 4 → 12)
  [2/16] selection (7 vs 13 → 13)
  [3/16] selection (6 vs 8 → 6)
  [4/16] selection (3 vs 14 → 3)
  [5/16] selection (5 vs 2 → 2)
  [6/16] selection (15 vs 9 → 15)
  [7/16] selection (10 vs 11 → 11)
  [8/16] selection (0 vs 1 → 1)
  [9/16] crossover (12 × 1)
  [10/16] crossover (10 × 5)
  [11/16] crossover (3 × 8)
  [12/16] crossover (2 × 11)
  [13/16] crossover (4 × 7)
  [14/16] crossover (14 × 15)
  [15/16] crossover (6 × 13)
  [16/16] crossover (9 × 0)
Gen 12: 16 utopias (243.2s)
  [1/16] selection (1 vs 0 → 1)
  [2/16] selection (6 vs 5 → 6)
  [3/16] selection (15 vs 12 → 15)
  [4/16] selection (4 vs 2 → 2)
  [5/16] selection (11 vs 13 → 11)
  [6/16] selection (9 vs 10 → 9)
  [7/16] selection (8 vs 14 → 14)
  [8/16] selection (3 vs 7 → 7)
  [9/16] crossover (1 × 8)
  [10/16] crossover (14 × 5)
  [11/16] crossover (11 × 7)
  [12/16] crossover (3 × 12)
  [13/16] crossover (10 × 13)
  [14/16] crossover (2 × 6)
  [15/16] crossover (15 × 9)
  [16/16] crossover (4 × 0)
Gen 13: 16 utopias (270.2s)
  [1/16] selection (11 vs 6 → 11)
  [2/16] selection (14 vs 7 → 7)
  [3/16] selection (12 vs 3 → 12)
  [4/16] selection (8 vs 5 → 8)
  [5/16] selection (4 vs 10 → 4)
  [6/16] selection (2 vs 0 → 0)
  [7/16] selection (15 vs 1 → 1)
  [8/16] selection (9 vs 13 → 13)
  [9/16] crossover (14 × 12)
  [10/16] crossover (1 × 13)
  [11/16] crossover (0 × 3)
  [12/16] crossover (9 × 2)
  [13/16] crossover (5 × 7)
  [14/16] crossover (4 × 11)
  [15/16] crossover (15 × 8)
  [16/16] crossover (10 × 6)
Gen 14: 16 utopias (306.9s)
  [1/16] selection (15 vs 8 → 15)
  [2/16] selection (7 vs 13 → 7)
  [3/16] selection (4 vs 2 → 2)
  [4/16] selection (12 vs 11 → 11)
  [5/16] selection (10 vs 14 → 10)
  [6/16] selection (6 vs 0 → 0)
  [7/16] selection (9 vs 3 → 9)
  [8/16] selection (1 vs 5 → 5)
  [9/16] crossover (3 × 14)
  [10/16] crossover (5 × 9)
  [11/16] crossover (13 × 12)
  [12/16] crossover (6 × 2)
  [13/16] crossover (10 × 15)
  [14/16] crossover (4 × 8)
  [15/16] crossover (11 × 1)
  [16/16] crossover (7 × 0)
Gen 15: 16 utopias (262.6s)
  [1/16] selection (6 vs 7 → 7)
  [2/16] selection (14 vs 5 → 5)
  [3/16] selection (11 vs 3 → 3)
  [4/16] selection (15 vs 10 → 10)
  [5/16] selection (1 vs 13 → 1)
  [6/16] selection (0 vs 12 → 0)
  [7/16] selection (9 vs 4 → 9)
  [8/16] selection (8 vs 2 → 2)
  [9/16] crossover (2 × 9)
  [10/16] crossover (7 × 3)
  [11/16] crossover (5 × 6)
  [12/16] crossover (15 × 11)
  [13/16] crossover (14 × 13)
  [14/16] crossover (0 × 8)
  [15/16] crossover (12 × 4)
  [16/16] crossover (1 × 10)
Gen 16: 16 utopias (353.1s)
  [1/16] selection (5 vs 7 → 7)
  [2/16] selection (13 vs 6 → 13)
  [3/16] selection (3 vs 4 → 3)
  [4/16] selection (15 vs 10 → 10)
  [5/16] selection (14 vs 11 → 11)
  [6/16] selection (12 vs 8 → 12)
  [7/16] selection (0 vs 9 → 0)
  [8/16] selection (1 vs 2 → 1)
  [9/16] crossover (11 × 8)
  [10/16] crossover (6 × 10)
  [11/16] crossover (7 × 2)
  [12/16] crossover (5 × 4)
  [13/16] crossover (0 × 3)
  [14/16] crossover (14 × 15)
  [15/16] crossover (12 × 1)
  [16/16] crossover (9 × 13)
Gen 17: 16 utopias (322.3s)
  [1/16] selection (15 vs 6 → 6)
  [2/16] selection (10 vs 4 → 4)
  [3/16] selection (9 vs 0 → 9)
  [4/16] selection (1 vs 11 → 11)
  [5/16] selection (3 vs 7 → 3)
  [6/16] selection (14 vs 5 → 5)
  [7/16] selection (8 vs 13 → 13)
  [8/16] selection (2 vs 12 → 2)
  [9/16] crossover (3 × 1)
  [10/16] crossover (8 × 15)
  [11/16] crossover (14 × 6)
  [12/16] crossover (12 × 5)
  [13/16] crossover (2 × 7)
  [14/16] crossover (11 × 13)
  [15/16] crossover (4 × 0)
  [16/16] crossover (9 × 10)
Gen 18: 16 utopias (359.3s)
  [1/16] selection (1 vs 11 → 11)
  [2/16] selection (13 vs 8 → 8)
  [3/16] selection (2 vs 4 → 2)
  [4/16] selection (5 vs 10 → 10)
  [5/16] selection (12 vs 3 → 12)
  [6/16] selection (9 vs 14 → 9)
  [7/16] selection (0 vs 7 → 7)
  [8/16] selection (6 vs 15 → 15)
  [9/16] crossover (4 × 9)
  [10/16] crossover (3 × 15)
  [11/16] crossover (6 × 8)
  [12/16] crossover (12 × 13)
  [13/16] crossover (11 × 2)
  [14/16] crossover (1 × 7)
  [15/16] crossover (0 × 5)
  [16/16] crossover (14 × 10)
Gen 19: 16 utopias (383.7s)
  [1/16] selection (6 vs 15 → 6)
  [2/16] selection (5 vs 7 → 5)
  [3/16] selection (10 vs 2 → 2)
  [4/16] selection (9 vs 12 → 9)
  [5/16] selection (0 vs 11 → 0)
  [6/16] selection (4 vs 13 → 13)
  [7/16] selection (8 vs 1 → 1)
  [8/16] selection (3 vs 14 → 14)
  [9/16] crossover (15 × 0)
  [10/16] crossover (3 × 13)
  [11/16] crossover (2 × 9)
  [12/16] crossover (8 × 12)
  [13/16] crossover (4 × 11)
  [14/16] crossover (7 × 10)
  [15/16] crossover (1 × 5)
  [16/16] crossover (6 × 14)
Gen 20: 16 utopias (231.5s)
Lineage visualization saved to no_top_seed_runs/kimi/lineage.html

Done. Results in no_top_seed_runs/kimi
