Loaded 17 utopias from /Users/slacki/agents/automator/services/UtopiaBench/utopia-maxxing/initial_population
Model: moonshotai/kimi-k2-0905, Generations: 20, Concurrency: 5
Custom selection prompt: prompts/space-selection.txt
Custom crossover prompt: prompts/space-crossover.txt
Output: prompt_space_runs/kimi

Gen 0: 17 utopias (initial)
  [1/18] selection (6 vs 14 → 14)
  [2/18] selection (7 vs 2 → 2)
  [3/18] selection (16 vs 15 → 15)
  [4/18] selection (1 vs 8 → 1)
  [5/18] selection (5 vs 12 → 5)
  [6/18] selection (11 vs 4 → 4)
  [7/18] selection (0 vs 9 → 9)
  [8/18] selection (3 vs 9 → 3)
  [9/18] selection (13 vs 10 → 10)
  [10/18] crossover (2 × 16)
  [11/18] crossover (9 × 12)
  [12/18] crossover (14 × 0)
  [13/18] crossover (4 × 7)
  [14/18] crossover (13 × 5)
  [15/18] crossover (8 × 6)
  [16/18] crossover (15 × 10)
  [17/18] crossover (3 × 6)
  [18/18] crossover (1 × 11)
Gen 1: 17 utopias (370.3s)
  [1/18] selection (13 vs 14 → 14)
  [2/18] selection (10 vs 5 → 10)
  [3/18] selection (1 vs 3 → 3)
  [4/18] selection (4 vs 0 → 0)
  [5/18] selection (2 vs 8 → 2)
  [6/18] selection (11 vs 15 → 11)
  [7/18] selection (12 vs 6 → 12)
  [8/18] selection (7 vs 9 → 7)
  [9/18] selection (16 vs 8 → 8)
  [10/18] crossover (12 × 15)
  [11/18] crossover (1 × 11)
  [12/18] crossover (4 × 8)
  [13/18] crossover (0 × 3)
  [14/18] crossover (7 × 13)
  [15/18] crossover (6 × 14)
  [16/18] crossover (9 × 14)
  [17/18] crossover (2 × 16)
  [18/18] crossover (5 × 10)
Gen 2: 17 utopias (314.5s)
  [1/18] selection (5 vs 12 → 5)
  [2/18] selection (9 vs 2 → 2)
  [3/18] selection (4 vs 10 → 10)
  [4/18] selection (3 vs 14 → 14)
  [5/18] selection (16 vs 6 → 16)
  [6/18] selection (1 vs 13 → 13)
  [7/18] selection (15 vs 11 → 15)
  [8/18] selection (8 vs 0 → 8)
  [9/18] selection (7 vs 13 → 7)
  [10/18] crossover (9 × 11)
  [11/18] crossover (16 × 14)
  [12/18] crossover (5 × 2)
  [13/18] crossover (12 × 1)
  [14/18] crossover (0 × 6)
  [15/18] crossover (3 × 7)
  [16/18] crossover (13 × 15)
  [17/18] crossover (10 × 7)
  [18/18] crossover (8 × 4)
Gen 3: 17 utopias (248.3s)
  [1/18] selection (4 vs 5 → 4)
  [2/18] selection (11 vs 9 → 11)
  [3/18] selection (14 vs 0 → 0)
  [4/18] selection (7 vs 6 → 7)
  [5/18] selection (8 vs 3 → 8)
  [6/18] selection (12 vs 7 → 12)
  [7/18] selection (1 vs 10 → 10)
  [8/18] selection (13 vs 2 → 2)
  [9/18] selection (16 vs 15 → 15)
  [10/18] crossover (14 × 12)
  [11/18] crossover (9 × 4)
  [12/18] crossover (16 × 5)
  [13/18] crossover (6 × 2)
  [14/18] crossover (11 × 13)
  [15/18] crossover (7 × 3)
  [16/18] crossover (10 × 15)
  [17/18] crossover (0 × 1)
  [18/18] crossover (8 × 3)
Gen 4: 17 utopias (371.6s)
  [1/18] selection (15 vs 8 → 8)
  [2/18] selection (6 vs 2 → 2)
  [3/18] selection (13 vs 14 → 14)
  [4/18] selection (16 vs 4 → 4)
  [5/18] selection (11 vs 0 → 0)
  [6/18] selection (12 vs 7 → 12)
  [7/18] selection (10 vs 7 → 10)
  [8/18] selection (9 vs 1 → 9)
  [9/18] crossover (4 × 5)
  [10/18] selection (5 vs 3 → 5)
  [11/18] crossover (13 × 3)
  [12/18] crossover (2 × 14)
  [13/18] crossover (11 × 8)
  [14/18] crossover (7 × 16)
  [15/18] crossover (6 × 15)
  [16/18] crossover (1 × 9)
  [17/18] crossover (10 × 0)
  [18/18] crossover (12 × 10)
Gen 5: 17 utopias (354.0s)
  [1/18] selection (15 vs 8 → 8)
  [2/18] selection (10 vs 11 → 11)
  [3/18] selection (7 vs 3 → 7)
  [4/18] selection (6 vs 5 → 5)
  [5/18] selection (12 vs 2 → 2)
  [6/18] selection (16 vs 0 → 16)
  [7/18] selection (1 vs 4 → 1)
  [8/18] selection (9 vs 13 → 9)
  [9/18] selection (14 vs 2 → 14)
  [10/18] crossover (0 × 10)
  [11/18] crossover (2 × 3)
  [12/18] crossover (16 × 4)
  [13/18] crossover (1 × 7)
  [14/18] crossover (9 × 14)
  [15/18] crossover (12 × 3)
  [16/18] crossover (15 × 13)
  [17/18] crossover (8 × 6)
  [18/18] crossover (11 × 5)
Gen 6: 17 utopias (321.6s)
  [1/18] selection (8 vs 3 → 3)
  [2/18] selection (2 vs 6 → 2)
  [3/18] selection (12 vs 9 → 9)
  [4/18] selection (14 vs 5 → 14)
  [5/18] selection (7 vs 16 → 16)
  [6/18] selection (4 vs 0 → 4)
  [7/18] selection (15 vs 16 → 15)
  [8/18] selection (1 vs 11 → 11)
  [9/18] crossover (5 × 6)
  [10/18] selection (13 vs 10 → 13)
  [11/18] crossover (4 × 10)
  [12/18] crossover (9 × 15)
  [13/18] crossover (13 × 1)
  [14/18] crossover (12 × 3)
  [15/18] crossover (8 × 11)
  [16/18] crossover (2 × 12)
  [17/18] crossover (7 × 14)
  [18/18] crossover (0 × 16)
Gen 7: 17 utopias (373.3s)
  [1/18] selection (5 vs 4 → 4)
  [2/18] selection (14 vs 12 → 12)
  [3/18] selection (9 vs 0 → 0)
  [4/18] selection (10 vs 3 → 3)
  [5/18] selection (6 vs 15 → 15)
  [6/18] selection (8 vs 2 → 8)
  [7/18] selection (7 vs 16 → 7)
  [8/18] selection (1 vs 11 → 11)
  [9/18] selection (13 vs 6 → 6)
  [10/18] crossover (8 × 12)
  [11/18] crossover (16 × 7)
  [12/18] crossover (13 × 15)
  [13/18] crossover (3 × 5)
  [14/18] crossover (4 × 1)
  [15/18] crossover (9 × 11)
  [16/18] crossover (0 × 10)
  [17/18] crossover (11 × 2)
  [18/18] crossover (14 × 6)
Gen 8: 17 utopias (249.7s)
  [1/18] selection (11 vs 12 → 12)
  [2/18] selection (7 vs 1 → 1)
  [3/18] selection (9 vs 6 → 6)
  [4/18] selection (0 vs 8 → 0)
  [5/18] selection (5 vs 13 → 13)
  [6/18] selection (16 vs 15 → 16)
  [7/18] selection (10 vs 14 → 14)
  [8/18] selection (3 vs 7 → 3)
  [9/18] crossover (10 × 14)
  [10/18] crossover (5 × 7)
  [11/18] selection (4 vs 2 → 4)
  [12/18] crossover (9 × 11)
  [13/18] crossover (16 × 13)
  [14/18] crossover (0 × 6)
  [15/18] crossover (15 × 8)
  [16/18] crossover (4 × 7)
  [17/18] crossover (1 × 2)
  [18/18] crossover (12 × 3)
Gen 9: 17 utopias (291.3s)
  [1/18] selection (11 vs 6 → 11)
  [2/18] selection (2 vs 7 → 2)
  [3/18] selection (5 vs 3 → 5)
  [4/18] selection (0 vs 15 → 0)
  [5/18] selection (8 vs 12 → 8)
  [6/18] selection (4 vs 16 → 16)
  [7/18] selection (10 vs 14 → 14)
  [8/18] selection (9 vs 13 → 13)
  [9/18] selection (1 vs 14 → 14)
  [10/18] crossover (16 × 1)
  [11/18] crossover (10 × 9)
  [12/18] crossover (15 × 14)
  [13/18] crossover (3 × 5)
  [14/18] crossover (0 × 4)
  [15/18] crossover (2 × 11)
  [16/18] crossover (13 × 7)
  [17/18] crossover (12 × 6)
  [18/18] crossover (8 × 0)
Gen 10: 17 utopias (317.5s)
  [1/18] selection (13 vs 11 → 11)
  [2/18] selection (16 vs 2 → 2)
  [3/18] selection (5 vs 15 → 15)
  [4/18] selection (4 vs 9 → 9)
  [5/18] selection (0 vs 3 → 3)
  [6/18] selection (8 vs 10 → 10)
  [7/18] selection (14 vs 6 → 6)
  [8/18] selection (7 vs 2 → 7)
  [9/18] crossover (5 × 6)
  [10/18] crossover (3 × 12)
  [11/18] crossover (4 × 13)
  [12/18] selection (12 vs 1 → 1)
  [13/18] crossover (1 × 9)
  [14/18] crossover (14 × 0)
  [15/18] crossover (11 × 8)
  [16/18] crossover (7 × 2)
  [17/18] crossover (16 × 15)
  [18/18] crossover (10 × 3)
Gen 11: 17 utopias (350.5s)
  [1/18] selection (0 vs 16 → 0)
  [2/18] selection (4 vs 1 → 4)
  [3/18] selection (12 vs 11 → 11)
  [4/18] selection (10 vs 5 → 5)
  [5/18] selection (7 vs 3 → 7)
  [6/18] selection (14 vs 8 → 14)
  [7/18] selection (13 vs 15 → 13)
  [8/18] selection (2 vs 6 → 2)
  [9/18] selection (9 vs 3 → 3)
  [10/18] crossover (15 × 16)
  [11/18] crossover (6 × 5)
  [12/18] crossover (1 × 11)
  [13/18] crossover (7 × 14)
  [14/18] crossover (12 × 3)
  [15/18] crossover (0 × 15)
  [16/18] crossover (4 × 8)
  [17/18] crossover (13 × 2)
  [18/18] crossover (10 × 9)
Gen 12: 17 utopias (322.5s)
  [1/18] selection (15 vs 14 → 15)
  [2/18] selection (3 vs 11 → 11)
  [3/18] selection (16 vs 9 → 16)
  [4/18] selection (1 vs 6 → 1)
  [5/18] selection (2 vs 12 → 2)
  [6/18] selection (0 vs 5 → 0)
  [7/18] selection (8 vs 3 → 8)
  [8/18] selection (7 vs 13 → 13)
  [9/18] crossover (15 × 10)
  [10/18] crossover (5 × 13)
  [11/18] crossover (3 × 9)
  [12/18] selection (4 vs 10 → 4)
  [13/18] crossover (11 × 7)
  [14/18] crossover (14 × 4)
  [15/18] crossover (8 × 1)
  [16/18] crossover (12 × 0)
  [17/18] crossover (16 × 2)
  [18/18] crossover (6 × 2)
Gen 13: 17 utopias (304.0s)
  [1/18] selection (10 vs 2 → 10)
  [2/18] selection (1 vs 13 → 13)
  [3/18] selection (12 vs 3 → 12)
  [4/18] selection (7 vs 9 → 9)
  [5/18] selection (6 vs 10 → 10)
  [6/18] selection (5 vs 4 → 5)
  [7/18] selection (8 vs 15 → 15)
  [8/18] crossover (8 × 1)
  [9/18] crossover (12 × 7)
  [10/18] selection (14 vs 0 → 0)
  [11/18] selection (16 vs 11 → 11)
  [12/18] crossover (10 × 2)
  [13/18] crossover (13 × 15)
  [14/18] crossover (0 × 14)
  [15/18] crossover (11 × 4)
  [16/18] crossover (6 × 16)
  [17/18] crossover (3 × 10)
  [18/18] crossover (5 × 9)
Gen 14: 17 utopias (321.1s)
  [1/18] selection (10 vs 15 → 10)
  [2/18] selection (11 vs 14 → 14)
  [3/18] selection (1 vs 12 → 1)
  [4/18] selection (0 vs 13 → 0)
  [5/18] selection (4 vs 7 → 7)
  [6/18] selection (8 vs 15 → 15)
  [7/18] selection (5 vs 16 → 16)
  [8/18] selection (3 vs 6 → 6)
  [9/18] crossover (1 × 16)
  [10/18] selection (2 vs 9 → 2)
  [11/18] crossover (10 × 12)
  [12/18] crossover (4 × 8)
  [13/18] crossover (9 × 13)
  [14/18] crossover (0 × 3)
  [15/18] crossover (5 × 15)
  [16/18] crossover (6 × 14)
  [17/18] crossover (7 × 2)
  [18/18] crossover (11 × 7)
Gen 15: 17 utopias (368.2s)
  [1/18] selection (4 vs 2 → 4)
  [2/18] selection (15 vs 9 → 9)
  [3/18] selection (12 vs 16 → 16)
  [4/18] selection (1 vs 14 → 14)
  [5/18] selection (5 vs 0 → 0)
  [6/18] selection (3 vs 10 → 3)
  [7/18] selection (6 vs 13 → 6)
  [8/18] selection (8 vs 11 → 8)
  [9/18] selection (7 vs 15 → 7)
  [10/18] crossover (1 × 16)
  [11/18] crossover (13 × 11)
  [12/18] crossover (4 × 14)
  [13/18] crossover (6 × 8)
  [14/18] crossover (2 × 10)
  [15/18] crossover (3 × 12)
  [16/18] crossover (9 × 0)
  [17/18] crossover (15 × 5)
  [18/18] crossover (7 × 4)
Gen 16: 17 utopias (424.3s)
  [1/18] selection (7 vs 1 → 7)
  [2/18] selection (12 vs 10 → 10)
  [3/18] selection (6 vs 11 → 6)
  [4/18] selection (2 vs 0 → 0)
  [5/18] selection (9 vs 8 → 8)
  [6/18] selection (13 vs 5 → 5)
  [7/18] selection (15 vs 11 → 11)
  [8/18] selection (4 vs 3 → 4)
  [9/18] selection (16 vs 14 → 16)
  [10/18] crossover (5 × 11)
  [11/18] crossover (9 × 2)
  [12/18] crossover (8 × 7)
  [13/18] crossover (16 × 6)
  [14/18] crossover (15 × 14)
  [15/18] crossover (4 × 10)
  [16/18] crossover (0 × 8)
  [17/18] crossover (1 × 3)
  [18/18] crossover (13 × 12)
Gen 17: 17 utopias (329.7s)
  [1/18] selection (2 vs 15 → 15)
  [2/18] selection (4 vs 13 → 4)
  [3/18] selection (16 vs 12 → 16)
  [4/18] selection (14 vs 5 → 5)
  [5/18] selection (8 vs 1 → 1)
  [6/18] selection (6 vs 0 → 0)
  [7/18] selection (10 vs 11 → 10)
  [8/18] selection (7 vs 14 → 7)
  [9/18] crossover (4 × 3)
  [10/18] crossover (8 × 12)
  [11/18] crossover (0 × 14)
  [12/18] crossover (15 × 13)
  [13/18] crossover (2 × 16)
  [14/18] crossover (11 × 1)
  [15/18] selection (9 vs 3 → 9)
  [16/18] crossover (10 × 9)
  [17/18] crossover (5 × 6)
  [18/18] crossover (7 × 16)
Gen 18: 17 utopias (291.3s)
  [1/18] selection (2 vs 1 → 2)
  [2/18] selection (3 vs 12 → 3)
  [3/18] selection (11 vs 4 → 4)
  [4/18] selection (15 vs 9 → 15)
  [5/18] selection (5 vs 14 → 14)
  [6/18] selection (6 vs 7 → 7)
  [7/18] selection (10 vs 8 → 8)
  [8/18] selection (0 vs 6 → 6)
  [9/18] crossover (8 × 0)
  [10/18] crossover (9 × 1)
  [11/18] selection (16 vs 13 → 13)
  [12/18] crossover (7 × 12)
  [13/18] crossover (10 × 6)
  [14/18] crossover (15 × 4)
  [15/18] crossover (3 × 11)
  [16/18] crossover (14 × 16)
  [17/18] crossover (13 × 2)
  [18/18] crossover (5 × 9)
Gen 19: 17 utopias (269.1s)
  [1/18] selection (13 vs 10 → 10)
  [2/18] selection (0 vs 14 → 14)
  [3/18] selection (16 vs 5 → 5)
  [4/18] selection (11 vs 15 → 15)
  [5/18] selection (6 vs 7 → 6)
  [6/18] selection (2 vs 12 → 2)
  [7/18] selection (1 vs 15 → 1)
  [8/18] selection (4 vs 8 → 4)
  [9/18] crossover (7 × 2)
  [10/18] crossover (3 × 13)
  [11/18] crossover (15 × 10)
  [12/18] selection (9 vs 3 → 3)
  [13/18] crossover (12 × 14)
  [14/18] crossover (9 × 8)
  [15/18] crossover (6 × 0)
  [16/18] crossover (16 × 11)
  [17/18] crossover (4 × 5)
  [18/18] crossover (1 × 3)
Gen 20: 17 utopias (292.4s)
Lineage visualization saved to prompt_space_runs/kimi/lineage.html

Done. Results in prompt_space_runs/kimi
